This file contains any messages produced by compilers while
running configure, to aid debugging if configure makes a mistake.

It was created by hello_world configure 0.0.1, which was
generated by GNU Autoconf 2.68.  Invocation command line was

  $ ./configure --prefix=/home/action/local

## --------- ##
## Platform. ##
## --------- ##

hostname = nitrobox-25361
uname -m = x86_64
uname -r = 3.13.4
uname -s = Linux
uname -v = #1 SMP Mon Mar 3 09:07:22 UTC 2014

/usr/bin/uname -p = unknown
/bin/uname -X     = unknown

/bin/arch              = unknown
/usr/bin/arch -k       = unknown
/usr/convex/getsysinfo = unknown
/usr/bin/hostinfo      = unknown
/bin/machine           = unknown
/usr/bin/oslevel       = unknown
/bin/universe          = unknown

PATH: /home/action/.parts/bin
PATH: /home/action/.parts/sbin
PATH: /home/action/.parts/autoparts/bin
PATH: /home/action/.parts/bin
PATH: /home/action/.parts/sbin
PATH: /home/action/.parts/autoparts/bin
PATH: /home/action/.rvm/gems/ruby-2.0.0-p247/bin
PATH: /home/action/.rvm/gems/ruby-2.0.0-p247@global/bin
PATH: /home/action/.rvm/rubies/ruby-2.0.0-p247/bin
PATH: /home/action/.rvm/bin
PATH: /home/action/.nvm/v0.10.11/bin
PATH: /home/action/.parts/autoparts/bin
PATH: /home/action/.parts/autoparts/bin
PATH: /usr/local/sbin
PATH: /usr/local/bin
PATH: /usr/sbin
PATH: /usr/bin
PATH: /sbin
PATH: /bin
PATH: /usr/games
PATH: /home/action/.gem/ruby/1.9.1/bin
PATH: /home/action/.rvm/bin


## ----------- ##
## Core tests. ##
## ----------- ##

configure:1813: checking for gcc
configure:1829: found /usr/bin/gcc
configure:1840: result: gcc
configure:2069: checking for C compiler version
configure:2078: gcc --version >&5
gcc (Ubuntu/Linaro 4.6.3-1ubuntu5) 4.6.3
Copyright (C) 2011 Free Software Foundation, Inc.
This is free software; see the source for copying conditions.  There is NO
warranty; not even for MERCHANTABILITY or FITNESS FOR A PARTICULAR PURPOSE.

configure:2089: $? = 0
configure:2078: gcc -v >&5
Using built-in specs.
COLLECT_GCC=gcc
COLLECT_LTO_WRAPPER=/usr/lib/gcc/x86_64-linux-gnu/4.6/lto-wrapper
Target: x86_64-linux-gnu
Configured with: ../src/configure -v --with-pkgversion='Ubuntu/Linaro 4.6.3-1ubuntu5' --with-bugurl=file:///usr/share/doc/gcc-4.6/README.Bugs --enable-languages=c,c++,fortran,objc,obj-c++ --prefix=/usr --program-suffix=-4.6 --enable-shared --enable-linker-build-id --with-system-zlib --libexecdir=/usr/lib --without-included-gettext --enable-threads=posix --with-gxx-include-dir=/usr/include/c++/4.6 --libdir=/usr/lib --enable-nls --with-sysroot=/ --enable-clocale=gnu --enable-libstdcxx-debug --enable-libstdcxx-time=yes --enable-gnu-unique-object --enable-plugin --enable-objc-gc --disable-werror --with-arch-32=i686 --with-tune=generic --enable-checking=release --build=x86_64-linux-gnu --host=x86_64-linux-gnu --target=x86_64-linux-gnu
Thread model: posix
gcc version 4.6.3 (Ubuntu/Linaro 4.6.3-1ubuntu5) 
configure:2089: $? = 0
configure:2078: gcc -V >&5
gcc: error: unrecognized option '-V'
gcc: fatal error: no input files
compilation terminated.
configure:2089: $? = 4
configure:2078: gcc -qversion >&5
gcc: error: unrecognized option '-qversion'
gcc: fatal error: no input files
compilation terminated.
configure:2089: $? = 4
configure:2109: checking whether the C compiler works
configure:2131: gcc    conftest.c  >&5
configure:2135: $? = 0
configure:2183: result: yes
configure:2186: checking for C compiler default output file name
configure:2188: result: a.out
configure:2194: checking for suffix of executables
configure:2201: gcc -o conftest    conftest.c  >&5
configure:2205: $? = 0
configure:2227: result: 
configure:2249: checking whether we are cross compiling
configure:2257: gcc -o conftest    conftest.c  >&5
configure:2261: $? = 0
configure:2268: ./conftest
configure:2272: $? = 0
configure:2287: result: no
configure:2292: checking for suffix of object files
configure:2314: gcc -c   conftest.c >&5
configure:2318: $? = 0
configure:2339: result: o
configure:2343: checking whether we are using the GNU C compiler
configure:2362: gcc -c   conftest.c >&5
configure:2362: $? = 0
configure:2371: result: yes
configure:2380: checking whether gcc accepts -g
configure:2400: gcc -c -g  conftest.c >&5
configure:2400: $? = 0
configure:2441: result: yes
configure:2458: checking for gcc option to accept ISO C89
configure:2522: gcc  -c -g -O2  conftest.c >&5
configure:2522: $? = 0
configure:2535: result: none needed
configure:2600: checking for a BSD-compatible install
configure:2668: result: /usr/bin/install -c
configure:2679: checking whether build environment is sane
configure:2729: result: yes
configure:2870: checking for a thread-safe mkdir -p
configure:2909: result: /bin/mkdir -p
configure:2922: checking for gawk
configure:2938: found /usr/bin/gawk
configure:2949: result: gawk
configure:2960: checking whether make sets $(MAKE)
configure:2982: result: yes
configure:3012: checking for style of include used by make
configure:3040: result: GNU
configure:3126: checking dependency style of gcc
configure:3237: result: gcc3
configure:3394: creating ./config.status

## ---------------------- ##
## Running config.status. ##
## ---------------------- ##

This file was extended by hello_world config.status 0.0.1, which was
generated by GNU Autoconf 2.68.  Invocation command line was

  CONFIG_FILES    = 
  CONFIG_HEADERS  = 
  CONFIG_LINKS    = 
  CONFIG_COMMANDS = 
  $ ./config.status 

on nitrobox-25361

config.status:847: creating Makefile
config.status:847: creating config.h
config.status:1076: executing depfiles commands

## ---------------- ##
## Cache variables. ##
## ---------------- ##

ac_cv_c_compiler_gnu=yes
ac_cv_env_CC_set=
ac_cv_env_CC_value=
ac_cv_env_CFLAGS_set=
ac_cv_env_CFLAGS_value=
ac_cv_env_CPPFLAGS_set=
ac_cv_env_CPPFLAGS_value=
ac_cv_env_LDFLAGS_set=
ac_cv_env_LDFLAGS_value=
ac_cv_env_LIBS_set=
ac_cv_env_LIBS_value=
ac_cv_env_build_alias_set=
ac_cv_env_build_alias_value=
ac_cv_env_host_alias_set=
ac_cv_env_host_alias_value=
ac_cv_env_target_alias_set=
ac_cv_env_target_alias_value=
ac_cv_objext=o
ac_cv_path_install='/usr/bin/install -c'
ac_cv_path_mkdir=/bin/mkdir
ac_cv_prog_AWK=gawk
ac_cv_prog_ac_ct_CC=gcc
ac_cv_prog_cc_c89=
ac_cv_prog_cc_g=yes
ac_cv_prog_make_make_set=yes
am_cv_CC_dependencies_compiler_type=gcc3

## ----------------- ##
## Output variables. ##
## ----------------- ##

ACLOCAL='${SHELL} /home/action/code/learning/21st_century_c/autotools/missing --run aclocal-1.11'
AMDEPBACKSLASH='\'
AMDEP_FALSE='#'
AMDEP_TRUE=''
AMTAR='$${TAR-tar}'
AUTOCONF='${SHELL} /home/action/code/learning/21st_century_c/autotools/missing --run autoconf'
AUTOHEADER='${SHELL} /home/action/code/learning/21st_century_c/autotools/missing --run autoheader'
AUTOMAKE='${SHELL} /home/action/code/learning/21st_century_c/autotools/missing --run automake-1.11'
AWK='gawk'
CC='gcc'
CCDEPMODE='depmode=gcc3'
CFLAGS='-g -O2'
CPPFLAGS=''
CYGPATH_W='echo'
DEFS='-DHAVE_CONFIG_H'
DEPDIR='.deps'
ECHO_C=''
ECHO_N='-n'
ECHO_T=''
EXEEXT=''
INSTALL_DATA='${INSTALL} -m 644'
INSTALL_PROGRAM='${INSTALL}'
INSTALL_SCRIPT='${INSTALL}'
INSTALL_STRIP_PROGRAM='$(install_sh) -c -s'
LDFLAGS=''
LIBOBJS=''
LIBS=''
LTLIBOBJS=''
MAKEINFO='${SHELL} /home/action/code/learning/21st_century_c/autotools/missing --run makeinfo'
MKDIR_P='/bin/mkdir -p'
OBJEXT='o'
PACKAGE='hello_world'
PACKAGE_BUGREPORT='echristopherson@gmail.com'
PACKAGE_NAME='hello_world'
PACKAGE_STRING='hello_world 0.0.1'
PACKAGE_TARNAME='hello_world'
PACKAGE_URL=''
PACKAGE_VERSION='0.0.1'
PATH_SEPARATOR=':'
SET_MAKE=''
SHELL='/bin/bash'
STRIP=''
VERSION='0.0.1'
ac_ct_CC='gcc'
am__EXEEXT_FALSE=''
am__EXEEXT_TRUE='#'
am__fastdepCC_FALSE='#'
am__fastdepCC_TRUE=''
am__include='include'
am__isrc=''
am__leading_dot='.'
am__nodep='_no'
am__quote=''
am__tar='$${TAR-tar} chof - "$$tardir"'
am__untar='$${TAR-tar} xf -'
bindir='${exec_prefix}/bin'
build_alias=''
datadir='${datarootdir}'
datarootdir='${prefix}/share'
docdir='${datarootdir}/doc/${PACKAGE_TARNAME}'
dvidir='${docdir}'
exec_prefix='${prefix}'
host_alias=''
htmldir='${docdir}'
includedir='${prefix}/include'
infodir='${datarootdir}/info'
install_sh='${SHELL} /home/action/code/learning/21st_century_c/autotools/install-sh'
libdir='${exec_prefix}/lib'
libexecdir='${exec_prefix}/libexec'
localedir='${datarootdir}/locale'
localstatedir='${prefix}/var'
mandir='${datarootdir}/man'
mkdir_p='/bin/mkdir -p'
oldincludedir='/usr/include'
pdfdir='${docdir}'
prefix='/home/action/local'
program_transform_name='s,x,x,'
psdir='${docdir}'
sbindir='${exec_prefix}/sbin'
sharedstatedir='${prefix}/com'
sysconfdir='${prefix}/etc'
target_alias=''

## ----------- ##
## confdefs.h. ##
## ----------- ##

/* confdefs.h */
#define PACKAGE_NAME "hello_world"
#define PACKAGE_TARNAME "hello_world"
#define PACKAGE_VERSION "0.0.1"
#define PACKAGE_STRING "hello_world 0.0.1"
#define PACKAGE_BUGREPORT "echristopherson@gmail.com"
#define PACKAGE_URL ""
#define PACKAGE "hello_world"
#define VERSION "0.0.1"

configure: exit 0
